<?xml version="1.0" encoding="UTF-8"?>
<!-- Generated by org.testng.reporters.JUnitReportReporter -->
<testsuite name="test.TestNG1" tests="1" time="9.497" ignored="0" failures="0" timestamp="27 Feb 2020 16:02:03 GMT" skipped="0" hostname="Babita-PC" errors="0">
  <testcase name="userIsAbleToAddCategory" time="9.497" classname="test.TestNG1"/>
</testsuite> <!-- test.TestNG1 -->
