<?xml version="1.0" encoding="UTF-8"?>
<!-- Generated by org.testng.reporters.JUnitReportReporter -->
<testsuite name="test.LoginTest" tests="1" time="8.968" ignored="0" failures="0" timestamp="13 Feb 2020 07:03:17 GMT" skipped="0" hostname="Babita-PC" errors="0">
  <testcase name="userIsAbleToAddCategory" time="8.968" classname="test.LoginTest"/>
</testsuite> <!-- test.LoginTest -->
