<?xml version="1.0" encoding="UTF-8"?>
<!-- Generated by org.testng.reporters.JUnitReportReporter -->
<testsuite name="test.TestNG3" tests="1" time="12.337" ignored="0" failures="0" timestamp="27 Feb 2020 17:05:41 GMT" skipped="0" hostname="Babita-PC" errors="0">
  <testcase name="allMonthAreAbleToSee" time="12.337" classname="test.TestNG3"/>
</testsuite> <!-- test.TestNG3 -->
